<?xml version="1.0" encoding="utf-8"?><testsuites><testsuite name="pytest" errors="0" failures="0" skipped="0" tests="1" time="271.713" timestamp="2022-11-16T16:11:46.983123" hostname="dhcp-9-236-23-117.d4t-in.ibmmobiledemo.com"><testcase classname="tests.store.bulktagging.test_aws_s3_bulk_tagging" name="test_verify_aws_s3_order_flow" file="tests/store/bulktagging/test_aws_s3_bulk_tagging.py" line="13" time="271.685" /></testsuite></testsuites>