<?xml version="1.0" encoding="utf-8"?><testsuites><testsuite name="pytest" errors="0" failures="0" skipped="0" tests="2" time="949.552" timestamp="2022-05-18T05:59:00.488663" hostname="kata-runner-xs25c-p79c2"><testcase classname="tests.store.preseedvf.test_preseed_gcp_compute_engine_approval_in_progress" name="test_verify_gcp_compute_engine_order_flow" file="tests/store/preseedvf/test_preseed_gcp_compute_engine_approval_in_progress.py" line="16" time="510.257" /><testcase classname="tests.store.preseedvf.test_preseed_xaas_create_service_group_approval_in_progress" name="test_verify_xaas_create_service_group_order_flow" file="tests/store/preseedvf/test_preseed_xaas_create_service_group_approval_in_progress.py" line="15" time="439.077" /></testsuite></testsuites>
